#
# There is insufficient memory for the Java Runtime Environment to continue.
# Native memory allocation (mmap) failed to map 80740352 bytes for committing reserved memory.
# Possible reasons:
#   The system is out of physical RAM or swap space
#   The process is running with CompressedOops enabled, and the Java Heap may be blocking the growth of the native heap
# Possible solutions:
#   Reduce memory load on the system
#   Increase physical memory or swap space
#   Check if swap backing store is full
#   Decrease Java heap size (-Xmx/-Xms)
#   Decrease number of Java threads
#   Decrease Java thread stack sizes (-Xss)
#   Set larger code cache with -XX:ReservedCodeCacheSize=
#   JVM is running with Unscaled Compressed Oops mode in which the Java heap is
#     placed in the first 4GB address space. The Java Heap base address is the
#     maximum limit for the native heap growth. Please use -XX:HeapBaseMinAddress
#     to set the Java Heap base and to place the Java Heap above 4GB virtual address.
# This output file may be truncated or incomplete.
#
#  Out of Memory Error (os_linux.cpp:2866), pid=21088, tid=21106
#
# JRE version: OpenJDK Runtime Environment (11.0.7+10) (build 11.0.7+10-post-Ubuntu-2ubuntu218.04)
# Java VM: OpenJDK 64-Bit Server VM (11.0.7+10-post-Ubuntu-2ubuntu218.04, mixed mode, sharing, tiered, compressed oops, g1 gc, linux-amd64)
# Core dump will be written. Default location: Core dumps may be processed with "/usr/share/apport/apport %p %s %c %d %P %E" (or dumping to /home/claus/Projekte/QSportWahl/Projektdateien/core.21088)
#

---------------  S U M M A R Y ------------

Command Line: -Dclassworlds.conf=/home/claus/bin/netbeans-11.0.2/java/maven/bin/m2.conf -Dmaven.home=/home/claus/bin/netbeans-11.0.2/java/maven -Dmaven.multiModuleProjectDirectory=/home/claus/Projekte/QSportWahl/Projektdateien org.codehaus.plexus.classworlds.launcher.Launcher -Dexec.args=-classpath %classpath org.jack.qsport.modell.Sportart -Dexec.executable=/usr/lib/jvm/java-11-openjdk-amd64/bin/java -Dexec.classpathScope=runtime -Dmaven.ext.class.path=/home/claus/bin/netbeans-11.0.2/java/maven-nblib/netbeans-eventspy.jar process-classes org.codehaus.mojo:exec-maven-plugin:1.5.0:exec

Host: Intel(R) Core(TM) i7-2640M CPU @ 2.80GHz, 4 cores, 3G, Ubuntu 18.04.4 LTS
Time: Mon May 18 18:09:18 2020 CEST elapsed time: 50 seconds (0d 0h 0m 50s)

---------------  T H R E A D  ---------------

Current thread (0x00007f2bc40ba800):  VMThread "VM Thread" [stack: 0x00007f2b9d67f000,0x00007f2b9d77f000] [id=21106]

Stack: [0x00007f2b9d67f000,0x00007f2b9d77f000],  sp=0x00007f2b9d77ce40,  free space=1015k
Native frames: (J=compiled Java code, A=aot compiled Java code, j=interpreted, Vv=VM code, C=native code)
V  [libjvm.so+0xdf8009]
V  [libjvm.so+0xdf8c9b]
V  [libjvm.so+0x6514e5]
V  [libjvm.so+0xbcfd48]
V  [libjvm.so+0xbc739d]
V  [libjvm.so+0x77034f]
V  [libjvm.so+0x7705be]
V  [libjvm.so+0x77c630]
V  [libjvm.so+0x7f8339]
V  [libjvm.so+0x7f8f92]
V  [libjvm.so+0x7f93f9]
V  [libjvm.so+0x72ea4f]
V  [libjvm.so+0x73374a]
V  [libjvm.so+0xe03291]
V  [libjvm.so+0xdfa8d8]
V  [libjvm.so+0xe00a96]
V  [libjvm.so+0xe00fa0]
V  [libjvm.so+0xe01423]
V  [libjvm.so+0xd85acf]
V  [libjvm.so+0xbd59de]

VM_Operation (0x00007f2bcb3315f0): G1CollectForAllocation, mode: safepoint, requested by thread 0x00007f2bc4016800


---------------  P R O C E S S  ---------------

Threads class SMR info:
_java_thread_list=0x00007f2bc4108b90, length=9, elements={
0x00007f2bc4016800, 0x00007f2bc40bd800, 0x00007f2bc40bf800, 0x00007f2bc40c5000,
0x00007f2bc40c7000, 0x00007f2bc40c9000, 0x00007f2bc40cb800, 0x00007f2bc4102800,
0x00007f2bc4107800
}

Java Threads: ( => current thread )
  0x00007f2bc4016800 JavaThread "main" [_thread_blocked, id=21100, stack(0x00007f2bcb235000,0x00007f2bcb336000)]
  0x00007f2bc40bd800 JavaThread "Reference Handler" daemon [_thread_blocked, id=21107, stack(0x00007f2b9d57c000,0x00007f2b9d67d000)]
  0x00007f2bc40bf800 JavaThread "Finalizer" daemon [_thread_blocked, id=21108, stack(0x00007f2b9d47b000,0x00007f2b9d57c000)]
  0x00007f2bc40c5000 JavaThread "Signal Dispatcher" daemon [_thread_blocked, id=21109, stack(0x00007f2b9cdb0000,0x00007f2b9ceb1000)]
  0x00007f2bc40c7000 JavaThread "C2 CompilerThread0" daemon [_thread_blocked, id=21110, stack(0x00007f2b9ccaf000,0x00007f2b9cdb0000)]
  0x00007f2bc40c9000 JavaThread "C1 CompilerThread0" daemon [_thread_blocked, id=21111, stack(0x00007f2b9cbae000,0x00007f2b9ccaf000)]
  0x00007f2bc40cb800 JavaThread "Sweeper thread" daemon [_thread_blocked, id=21112, stack(0x00007f2b9caad000,0x00007f2b9cbae000)]
  0x00007f2bc4102800 JavaThread "Service Thread" daemon [_thread_blocked, id=21113, stack(0x00007f2b9c9ac000,0x00007f2b9caad000)]
  0x00007f2bc4107800 JavaThread "Common-Cleaner" daemon [_thread_blocked, id=21115, stack(0x00007f2b9c7a9000,0x00007f2b9c8aa000)]

Other Threads:
=>0x00007f2bc40ba800 VMThread "VM Thread" [stack: 0x00007f2b9d67f000,0x00007f2b9d77f000] [id=21106]
  0x00007f2bc4104800 WatcherThread [stack: 0x00007f2b9c8ac000,0x00007f2b9c9ac000] [id=21114]
  0x00007f2bc402f800 GCTaskThread "GC Thread#0" [stack: 0x00007f2bca6b6000,0x00007f2bca7b6000] [id=21101]
  0x00007f2b94001000 GCTaskThread "GC Thread#1" [stack: 0x00007f2b9c250000,0x00007f2b9c350000] [id=21116]
  0x00007f2bc4049000 ConcurrentGCThread "G1 Main Marker" [stack: 0x00007f2bac7ee000,0x00007f2bac8ee000] [id=21102]
  0x00007f2bc404b000 ConcurrentGCThread "G1 Conc#0" [stack: 0x00007f2bac6ec000,0x00007f2bac7ec000] [id=21103]
  0x00007f2bc408c800 ConcurrentGCThread "G1 Refine#0" [stack: 0x00007f2bac1e6000,0x00007f2bac2e6000] [id=21104]
  0x00007f2bc408e800 ConcurrentGCThread "G1 Young RemSet Sampling" [stack: 0x00007f2bac0e4000,0x00007f2bac1e4000] [id=21105]

Threads with active compile tasks:
C1 CompilerThread0  51311 4284       3       jdk.internal.jimage.ImageReader$SharedImageReader::visitLocation (73 bytes)

VM state:at safepoint (normal execution)

VM Mutex/Monitor currently owned by a thread:  ([mutex/lock_event])
[0x00007f2bc40129e0] Threads_lock - owner thread: 0x00007f2bc40ba800
[0x00007f2bc40131c0] Heap_lock - owner thread: 0x00007f2bc4016800

Heap address: 0x00000000c5c00000, size: 932 MB, Compressed Oops mode: 32-bit
Narrow klass base: 0x0000000800000000, Narrow klass shift: 3
Compressed class space size: 1073741824 Address: 0x0000000840000000

Heap:
 garbage-first heap   total 157696K, used 20009K [0x00000000c5c00000, 0x0000000100000000)
  region size 1024K, 1 young (1024K), 1 survivors (1024K)
 Metaspace       used 22322K, capacity 22887K, committed 22960K, reserved 1069056K
  class space    used 2594K, capacity 2805K, committed 2816K, reserved 1048576K
Heap Regions: E=young(eden), S=young(survivor), O=old, HS=humongous(starts), HC=humongous(continues), CS=collection set, F=free, A=archive, TAMS=top-at-mark-start (previous, next)
|   0|0x00000000c5c00000, 0x00000000c5d00000, 0x00000000c5d00000|100%| O|  |TAMS 0x00000000c5d00000, 0x00000000c5c00000| Untracked 
|   1|0x00000000c5d00000, 0x00000000c5e00000, 0x00000000c5e00000|100%| O|  |TAMS 0x00000000c5e00000, 0x00000000c5d00000| Untracked 
|   2|0x00000000c5e00000, 0x00000000c5f00000, 0x00000000c5f00000|100%| O|  |TAMS 0x00000000c5f00000, 0x00000000c5e00000| Untracked 
|   3|0x00000000c5f00000, 0x00000000c6000000, 0x00000000c6000000|100%| O|  |TAMS 0x00000000c6000000, 0x00000000c5f00000| Untracked 
|   4|0x00000000c6000000, 0x00000000c6100000, 0x00000000c6100000|100%| O|  |TAMS 0x00000000c6100000, 0x00000000c6000000| Untracked 
|   5|0x00000000c6100000, 0x00000000c6200000, 0x00000000c6200000|100%| O|  |TAMS 0x00000000c6200000, 0x00000000c6100000| Untracked 
|   6|0x00000000c6200000, 0x00000000c6300000, 0x00000000c6300000|100%| O|  |TAMS 0x00000000c627d800, 0x00000000c6200000| Untracked 
|   7|0x00000000c6300000, 0x00000000c6400000, 0x00000000c6400000|100%| O|  |TAMS 0x00000000c6300000, 0x00000000c6300000| Untracked 
|   8|0x00000000c6400000, 0x00000000c6500000, 0x00000000c6500000|100%| O|  |TAMS 0x00000000c6400000, 0x00000000c6400000| Untracked 
|   9|0x00000000c6500000, 0x00000000c6600000, 0x00000000c6600000|100%| O|  |TAMS 0x00000000c6500000, 0x00000000c6500000| Untracked 
|  10|0x00000000c6600000, 0x00000000c6700000, 0x00000000c6700000|100%| O|  |TAMS 0x00000000c6600000, 0x00000000c6600000| Untracked 
|  11|0x00000000c6700000, 0x00000000c6800000, 0x00000000c6800000|100%| O|  |TAMS 0x00000000c6700000, 0x00000000c6700000| Untracked 
|  12|0x00000000c6800000, 0x00000000c6900000, 0x00000000c6900000|100%| O|  |TAMS 0x00000000c6800000, 0x00000000c6800000| Untracked 
|  13|0x00000000c6900000, 0x00000000c6a00000, 0x00000000c6a00000|100%| O|  |TAMS 0x00000000c6900000, 0x00000000c6900000| Untracked 
|  14|0x00000000c6a00000, 0x00000000c6b00000, 0x00000000c6b00000|100%| O|  |TAMS 0x00000000c6a00000, 0x00000000c6a00000| Untracked 
|  15|0x00000000c6b00000, 0x00000000c6c00000, 0x00000000c6c00000|100%| O|  |TAMS 0x00000000c6b00000, 0x00000000c6b00000| Untracked 
|  16|0x00000000c6c00000, 0x00000000c6d00000, 0x00000000c6d00000|100%| O|  |TAMS 0x00000000c6c00000, 0x00000000c6c00000| Untracked 
|  17|0x00000000c6d00000, 0x00000000c6df1e00, 0x00000000c6e00000| 94%| O|  |TAMS 0x00000000c6d00000, 0x00000000c6d00000| Untracked 
|  18|0x00000000c6e00000, 0x00000000c6e00000, 0x00000000c6f00000|  0%| F|  |TAMS 0x00000000c6e00000, 0x00000000c6e00000| Untracked 
|  19|0x00000000c6f00000, 0x00000000c6f00000, 0x00000000c7000000|  0%| F|  |TAMS 0x00000000c6f00000, 0x00000000c6f00000| Untracked 
|  20|0x00000000c7000000, 0x00000000c7000000, 0x00000000c7100000|  0%| F|  |TAMS 0x00000000c7000000, 0x00000000c7000000| Untracked 
|  21|0x00000000c7100000, 0x00000000c7100000, 0x00000000c7200000|  0%| F|  |TAMS 0x00000000c7100000, 0x00000000c7100000| Untracked 
|  22|0x00000000c7200000, 0x00000000c7200000, 0x00000000c7300000|  0%| F|  |TAMS 0x00000000c7200000, 0x00000000c7200000| Untracked 
|  23|0x00000000c7300000, 0x00000000c7300000, 0x00000000c7400000|  0%| F|  |TAMS 0x00000000c7300000, 0x00000000c7300000| Untracked 
|  24|0x00000000c7400000, 0x00000000c7400000, 0x00000000c7500000|  0%| F|  |TAMS 0x00000000c7400000, 0x00000000c7400000| Untracked 
|  25|0x00000000c7500000, 0x00000000c7500000, 0x00000000c7600000|  0%| F|  |TAMS 0x00000000c7500000, 0x00000000c7500000| Untracked 
|  26|0x00000000c7600000, 0x00000000c7600000, 0x00000000c7700000|  0%| F|  |TAMS 0x00000000c7600000, 0x00000000c7600000| Untracked 
|  27|0x00000000c7700000, 0x00000000c7700000, 0x00000000c7800000|  0%| F|  |TAMS 0x00000000c7700000, 0x00000000c7700000| Untracked 
|  28|0x00000000c7800000, 0x00000000c7800000, 0x00000000c7900000|  0%| F|  |TAMS 0x00000000c7800000, 0x00000000c7800000| Untracked 
|  29|0x00000000c7900000, 0x00000000c7900000, 0x00000000c7a00000|  0%| F|  |TAMS 0x00000000c7900000, 0x00000000c7900000| Untracked 
|  30|0x00000000c7a00000, 0x00000000c7a00000, 0x00000000c7b00000|  0%| F|  |TAMS 0x00000000c7a00000, 0x00000000c7a00000| Untracked 
|  31|0x00000000c7b00000, 0x00000000c7b00000, 0x00000000c7c00000|  0%| F|  |TAMS 0x00000000c7b00000, 0x00000000c7b00000| Untracked 
|  32|0x00000000c7c00000, 0x00000000c7c00000, 0x00000000c7d00000|  0%| F|  |TAMS 0x00000000c7c00000, 0x00000000c7c00000| Untracked 
|  33|0x00000000c7d00000, 0x00000000c7d00000, 0x00000000c7e00000|  0%| F|  |TAMS 0x00000000c7d00000, 0x00000000c7d00000| Untracked 
|  34|0x00000000c7e00000, 0x00000000c7e00000, 0x00000000c7f00000|  0%| F|  |TAMS 0x00000000c7e00000, 0x00000000c7e00000| Untracked 
|  35|0x00000000c7f00000, 0x00000000c7f00000, 0x00000000c8000000|  0%| F|  |TAMS 0x00000000c7f00000, 0x00000000c7f00000| Untracked 
|  36|0x00000000c8000000, 0x00000000c8000000, 0x00000000c8100000|  0%| F|  |TAMS 0x00000000c8000000, 0x00000000c8000000| Untracked 
|  37|0x00000000c8100000, 0x00000000c8100000, 0x00000000c8200000|  0%| F|  |TAMS 0x00000000c8100000, 0x00000000c8100000| Untracked 
|  38|0x00000000c8200000, 0x00000000c8200000, 0x00000000c8300000|  0%| F|  |TAMS 0x00000000c8200000, 0x00000000c8200000| Untracked 
|  39|0x00000000c8300000, 0x00000000c8300000, 0x00000000c8400000|  0%| F|  |TAMS 0x00000000c8300000, 0x00000000c8300000| Untracked 
|  40|0x00000000c8400000, 0x00000000c8400000, 0x00000000c8500000|  0%| F|  |TAMS 0x00000000c8400000, 0x00000000c8400000| Untracked 
|  41|0x00000000c8500000, 0x00000000c8500000, 0x00000000c8600000|  0%| F|  |TAMS 0x00000000c8500000, 0x00000000c8500000| Untracked 
|  42|0x00000000c8600000, 0x00000000c8600000, 0x00000000c8700000|  0%| F|  |TAMS 0x00000000c8600000, 0x00000000c8600000| Untracked 
|  43|0x00000000c8700000, 0x00000000c8700000, 0x00000000c8800000|  0%| F|  |TAMS 0x00000000c8700000, 0x00000000c8700000| Untracked 
|  44|0x00000000c8800000, 0x00000000c8800000, 0x00000000c8900000|  0%| F|  |TAMS 0x00000000c8800000, 0x00000000c8800000| Untracked 
|  45|0x00000000c8900000, 0x00000000c8900000, 0x00000000c8a00000|  0%| F|  |TAMS 0x00000000c8900000, 0x00000000c8900000| Untracked 
|  46|0x00000000c8a00000, 0x00000000c8a00000, 0x00000000c8b00000|  0%| F|  |TAMS 0x00000000c8a00000, 0x00000000c8a00000| Untracked 
|  47|0x00000000c8b00000, 0x00000000c8b00000, 0x00000000c8c00000|  0%| F|  |TAMS 0x00000000c8b00000, 0x00000000c8b00000| Untracked 
|  48|0x00000000c8c00000, 0x00000000c8c00000, 0x00000000c8d00000|  0%| F|  |TAMS 0x00000000c8c00000, 0x00000000c8c00000| Untracked 
|  49|0x00000000c8d00000, 0x00000000c8d00000, 0x00000000c8e00000|  0%| F|  |TAMS 0x00000000c8d00000, 0x00000000c8d00000| Untracked 
|  50|0x00000000c8e00000, 0x00000000c8e00000, 0x00000000c8f00000|  0%| F|  |TAMS 0x00000000c8e00000, 0x00000000c8e00000| Untracked 
|  51|0x00000000c8f00000, 0x00000000c8f00000, 0x00000000c9000000|  0%| F|  |TAMS 0x00000000c8f00000, 0x00000000c8f00000| Untracked 
|  52|0x00000000c9000000, 0x00000000c9000000, 0x00000000c9100000|  0%| F|  |TAMS 0x00000000c9000000, 0x00000000c9000000| Untracked 
|  53|0x00000000c9100000, 0x00000000c9100000, 0x00000000c9200000|  0%| F|  |TAMS 0x00000000c9100000, 0x00000000c9100000| Untracked 
|  54|0x00000000c9200000, 0x00000000c9200000, 0x00000000c9300000|  0%| F|  |TAMS 0x00000000c9200000, 0x00000000c9200000| Untracked 
|  55|0x00000000c9300000, 0x00000000c9300000, 0x00000000c9400000|  0%| F|  |TAMS 0x00000000c9300000, 0x00000000c9300000| Untracked 
|  56|0x00000000c9400000, 0x00000000c9400000, 0x00000000c9500000|  0%| F|  |TAMS 0x00000000c9400000, 0x00000000c9400000| Untracked 
|  57|0x00000000c9500000, 0x00000000c9500000, 0x00000000c9600000|  0%| F|  |TAMS 0x00000000c9500000, 0x00000000c9500000| Untracked 
|  58|0x00000000c9600000, 0x00000000c9600000, 0x00000000c9700000|  0%| F|  |TAMS 0x00000000c9600000, 0x00000000c9600000| Untracked 
|  59|0x00000000c9700000, 0x00000000c9700000, 0x00000000c9800000|  0%| F|  |TAMS 0x00000000c9700000, 0x00000000c9700000| Untracked 
|  60|0x00000000c9800000, 0x00000000c9800000, 0x00000000c9900000|  0%| F|  |TAMS 0x00000000c9800000, 0x00000000c9800000| Untracked 
|  61|0x00000000c9900000, 0x00000000c9900000, 0x00000000c9a00000|  0%| F|  |TAMS 0x00000000c9900000, 0x00000000c9900000| Untracked 
|  62|0x00000000c9a00000, 0x00000000c9a00000, 0x00000000c9b00000|  0%| F|  |TAMS 0x00000000c9a00000, 0x00000000c9a00000| Untracked 
|  63|0x00000000c9b00000, 0x00000000c9b00000, 0x00000000c9c00000|  0%| F|  |TAMS 0x00000000c9b00000, 0x00000000c9b00000| Untracked 
|  64|0x00000000c9c00000, 0x00000000c9c00000, 0x00000000c9d00000|  0%| F|  |TAMS 0x00000000c9c00000, 0x00000000c9c00000| Untracked 
|  65|0x00000000c9d00000, 0x00000000c9d00000, 0x00000000c9e00000|  0%| F|  |TAMS 0x00000000c9d00000, 0x00000000c9d00000| Untracked 
|  66|0x00000000c9e00000, 0x00000000c9e00000, 0x00000000c9f00000|  0%| F|  |TAMS 0x00000000c9e00000, 0x00000000c9e00000| Untracked 
|  67|0x00000000c9f00000, 0x00000000c9f00000, 0x00000000ca000000|  0%| F|  |TAMS 0x00000000c9f00000, 0x00000000c9f00000| Untracked 
|  68|0x00000000ca000000, 0x00000000ca000000, 0x00000000ca100000|  0%| F|  |TAMS 0x00000000ca000000, 0x00000000ca000000| Untracked 
|  69|0x00000000ca100000, 0x00000000ca100000, 0x00000000ca200000|  0%| F|  |TAMS 0x00000000ca100000, 0x00000000ca100000| Untracked 
|  70|0x00000000ca200000, 0x00000000ca200000, 0x00000000ca300000|  0%| F|  |TAMS 0x00000000ca200000, 0x00000000ca200000| Untracked 
|  71|0x00000000ca300000, 0x00000000ca300000, 0x00000000ca400000|  0%| F|  |TAMS 0x00000000ca300000, 0x00000000ca300000| Untracked 
|  72|0x00000000ca400000, 0x00000000ca4e7708, 0x00000000ca500000| 90%| S|CS|TAMS 0x00000000ca400000, 0x00000000ca400000| Complete 
|  73|0x00000000ca500000, 0x00000000ca500000, 0x00000000ca600000|  0%| F|  |TAMS 0x00000000ca500000, 0x00000000ca500000| Untracked 
|  74|0x00000000ca600000, 0x00000000ca600000, 0x00000000ca700000|  0%| F|  |TAMS 0x00000000ca600000, 0x00000000ca600000| Untracked 
| 930|0x00000000ffe00000, 0x00000000ffe47000, 0x00000000fff00000| 27%|OA|  |TAMS 0x00000000ffe47000, 0x00000000ffe00000| Untracked 
| 931|0x00000000fff00000, 0x00000000fff6a000, 0x0000000100000000| 41%|CA|  |TAMS 0x00000000fff6a000, 0x00000000fff00000| Untracked 

Card table byte_map: [0x00007f2bc9f0c000,0x00007f2bca0de000] _byte_map_base: 0x00007f2bc98de000

Marking Bits (Prev, Next): (CMBitMap*) 0x00007f2bc4044810, (CMBitMap*) 0x00007f2bc40447d8
 Prev Bits: [0x00007f2bc801a000, 0x00007f2bc8eaa000)
 Next Bits: [0x00007f2bc8eaa000, 0x00007f2bc9d3a000)

Polling page: 0x00007f2bcd0af000

Metaspace:

Usage:
  Non-class:     19,61 MB capacity,    19,27 MB ( 98%) used,   310,86 KB (  2%) free+waste,    42,94 KB ( <1%) overhead. 
      Class:      2,74 MB capacity,     2,53 MB ( 92%) used,   190,55 KB (  7%) free+waste,    19,88 KB ( <1%) overhead. 
       Both:     22,35 MB capacity,    21,80 MB ( 98%) used,   501,41 KB (  2%) free+waste,    62,81 KB ( <1%) overhead. 

Virtual space:
  Non-class space:       20,00 MB reserved,      19,67 MB ( 98%) committed 
      Class space:        1,00 GB reserved,       2,75 MB ( <1%) committed 
             Both:        1,02 GB reserved,      22,42 MB (  2%) committed 

Chunk freelists:
   Non-Class:  14,00 KB
       Class:  11,00 KB
        Both:  25,00 KB

MaxMetaspaceSize: unlimited
CompressedClassSpaceSize: 1,00 GB

CodeHeap 'non-profiled nmethods': size=120032Kb used=1643Kb max_used=1643Kb free=118388Kb
 bounds [0x00007f2bb43d5000, 0x00007f2bb4645000, 0x00007f2bbb90d000]
CodeHeap 'profiled nmethods': size=120032Kb used=8737Kb max_used=8737Kb free=111295Kb
 bounds [0x00007f2bace9d000, 0x00007f2bad72d000, 0x00007f2bb43d5000]
CodeHeap 'non-nmethods': size=5696Kb used=1122Kb max_used=1166Kb free=4573Kb
 bounds [0x00007f2bac90d000, 0x00007f2bacb7d000, 0x00007f2bace9d000]
 total_blobs=5298 nmethods=4112 adapters=357
 compilation: enabled
              stopped_count=0, restarted_count=0
 full_count=0

Compilation events (20 events):
Event: 43,758 Thread 0x00007f2bc40c7000 4275       4       com.sun.tools.javac.util.List$3::next (39 bytes)
Event: 43,762 Thread 0x00007f2bc40c9000 nmethod 4274 0x00007f2bad722b90 code [0x00007f2bad722d60, 0x00007f2bad722fa8]
Event: 44,083 Thread 0x00007f2bc40c9000 4276       3       com.sun.tools.javac.code.Scope$ScopeImpl::<init> (12 bytes)
Event: 45,532 Thread 0x00007f2bc40c7000 nmethod 4275 0x00007f2bb456f490 code [0x00007f2bb456f620, 0x00007f2bb456f778]
Event: 45,532 Thread 0x00007f2bc40c9000 nmethod 4276 0x00007f2bad723090 code [0x00007f2bad723260, 0x00007f2bad7234c8]
Event: 45,545 Thread 0x00007f2bc40c9000 4280       3       com.sun.tools.javac.code.Symbol::flatName (5 bytes)
Event: 45,554 Thread 0x00007f2bc40c7000 4277       4       com.sun.tools.javac.util.Name::lastIndexOf (42 bytes)
Event: 45,565 Thread 0x00007f2bc40c9000 nmethod 4280 0x00007f2bad723590 code [0x00007f2bad723740, 0x00007f2bad723988]
Event: 45,577 Thread 0x00007f2bc40c9000 4282       3       java.util.stream.StreamOpFlag::combineOpFlags (9 bytes)
Event: 45,578 Thread 0x00007f2bc40c9000 nmethod 4282 0x00007f2bad723a10 code [0x00007f2bad723bc0, 0x00007f2bad723dd0]
Event: 45,578 Thread 0x00007f2bc40c9000 4283       3       java.util.stream.StreamOpFlag::getMask (30 bytes)
Event: 45,578 Thread 0x00007f2bc40c9000 nmethod 4283 0x00007f2bad723e90 code [0x00007f2bad724040, 0x00007f2bad7241f0]
Event: 45,578 Thread 0x00007f2bc40c9000 4281       3       java.util.stream.StreamOpFlag::isKnown (19 bytes)
Event: 45,578 Thread 0x00007f2bc40c9000 nmethod 4281 0x00007f2bad724290 code [0x00007f2bad724440, 0x00007f2bad724610]
Event: 45,578 Thread 0x00007f2bc40c9000 4279       3       com.sun.tools.javac.comp.Attr::pkind (8 bytes)
Event: 45,578 Thread 0x00007f2bc40c9000 nmethod 4279 0x00007f2bad724690 code [0x00007f2bad724840, 0x00007f2bad7249d0]
Event: 45,578 Thread 0x00007f2bc40c9000 4278       3       com.sun.tools.javac.util.SharedNameTable$NameImpl::equals (43 bytes)
Event: 45,578 Thread 0x00007f2bc40c9000 nmethod 4278 0x00007f2bad724a90 code [0x00007f2bad724c80, 0x00007f2bad7252e8]
Event: 45,654 Thread 0x00007f2bc40c7000 nmethod 4277 0x00007f2bb456f810 code [0x00007f2bb456f9a0, 0x00007f2bb456fb58]
Event: 49,301 Thread 0x00007f2bc40c9000 4284       3       jdk.internal.jimage.ImageReader$SharedImageReader::visitLocation (73 bytes)

GC Heap History (17 events):
Event: 0,659 GC heap before
{Heap before GC invocations=0 (full 0):
 garbage-first heap   total 63488K, used 15044K [0x00000000c5c00000, 0x0000000100000000)
  region size 1024K, 14 young (14336K), 0 survivors (0K)
 Metaspace       used 3899K, capacity 7093K, committed 7296K, reserved 1056768K
  class space    used 465K, capacity 792K, committed 896K, reserved 1048576K
}
Event: 0,674 GC heap after
{Heap after GC invocations=1 (full 0):
 garbage-first heap   total 63488K, used 3351K [0x00000000c5c00000, 0x0000000100000000)
  region size 1024K, 2 young (2048K), 2 survivors (2048K)
 Metaspace       used 3899K, capacity 7093K, committed 7296K, reserved 1056768K
  class space    used 465K, capacity 792K, committed 896K, reserved 1048576K
}
Event: 1,598 GC heap before
{Heap before GC invocations=1 (full 0):
 garbage-first heap   total 63488K, used 38167K [0x00000000c5c00000, 0x0000000100000000)
  region size 1024K, 36 young (36864K), 2 survivors (2048K)
 Metaspace       used 8881K, capacity 11261K, committed 11392K, reserved 1058816K
  class space    used 1114K, capacity 1386K, committed 1408K, reserved 1048576K
}
Event: 1,609 GC heap after
{Heap after GC invocations=2 (full 0):
 garbage-first heap   total 63488K, used 5065K [0x00000000c5c00000, 0x0000000100000000)
  region size 1024K, 4 young (4096K), 4 survivors (4096K)
 Metaspace       used 8881K, capacity 11261K, committed 11392K, reserved 1058816K
  class space    used 1114K, capacity 1386K, committed 1408K, reserved 1048576K
}
Event: 2,733 GC heap before
{Heap before GC invocations=2 (full 0):
 garbage-first heap   total 63488K, used 37833K [0x00000000c5c00000, 0x0000000100000000)
  region size 1024K, 36 young (36864K), 4 survivors (4096K)
 Metaspace       used 12644K, capacity 14365K, committed 14592K, reserved 1062912K
  class space    used 1499K, capacity 1728K, committed 1792K, reserved 1048576K
}
Event: 2,751 GC heap after
{Heap after GC invocations=3 (full 0):
 garbage-first heap   total 63488K, used 7497K [0x00000000c5c00000, 0x0000000100000000)
  region size 1024K, 5 young (5120K), 5 survivors (5120K)
 Metaspace       used 12644K, capacity 14365K, committed 14592K, reserved 1062912K
  class space    used 1499K, capacity 1728K, committed 1792K, reserved 1048576K
}
Event: 3,332 GC heap before
{Heap before GC invocations=3 (full 0):
 garbage-first heap   total 63488K, used 39241K [0x00000000c5c00000, 0x0000000100000000)
  region size 1024K, 36 young (36864K), 5 survivors (5120K)
 Metaspace       used 13786K, capacity 15318K, committed 15488K, reserved 1062912K
  class space    used 1597K, capacity 1832K, committed 1920K, reserved 1048576K
}
Event: 3,347 GC heap after
{Heap after GC invocations=4 (full 0):
 garbage-first heap   total 63488K, used 9402K [0x00000000c5c00000, 0x0000000100000000)
  region size 1024K, 2 young (2048K), 2 survivors (2048K)
 Metaspace       used 13786K, capacity 15318K, committed 15488K, reserved 1062912K
  class space    used 1597K, capacity 1832K, committed 1920K, reserved 1048576K
}
Event: 3,936 GC heap before
{Heap before GC invocations=4 (full 0):
 garbage-first heap   total 63488K, used 36026K [0x00000000c5c00000, 0x0000000100000000)
  region size 1024K, 29 young (29696K), 2 survivors (2048K)
 Metaspace       used 19999K, capacity 21146K, committed 21296K, reserved 1069056K
  class space    used 2370K, capacity 2593K, committed 2688K, reserved 1048576K
}
Event: 3,950 GC heap after
{Heap after GC invocations=5 (full 0):
 garbage-first heap   total 78848K, used 11090K [0x00000000c5c00000, 0x0000000100000000)
  region size 1024K, 4 young (4096K), 4 survivors (4096K)
 Metaspace       used 19999K, capacity 21146K, committed 21296K, reserved 1069056K
  class space    used 2370K, capacity 2593K, committed 2688K, reserved 1048576K
}
Event: 28,799 GC heap before
{Heap before GC invocations=6 (full 0):
 garbage-first heap   total 78848K, used 47954K [0x00000000c5c00000, 0x0000000100000000)
  region size 1024K, 41 young (41984K), 4 survivors (4096K)
 Metaspace       used 22112K, capacity 22705K, committed 22960K, reserved 1069056K
  class space    used 2570K, capacity 2788K, committed 2816K, reserved 1048576K
}
Event: 30,412 GC heap after
{Heap after GC invocations=7 (full 0):
 garbage-first heap   total 78848K, used 18640K [0x00000000c5c00000, 0x0000000100000000)
  region size 1024K, 6 young (6144K), 6 survivors (6144K)
 Metaspace       used 22112K, capacity 22705K, committed 22960K, reserved 1069056K
  class space    used 2570K, capacity 2788K, committed 2816K, reserved 1048576K
}
Event: 31,575 GC heap before
{Heap before GC invocations=7 (full 0):
 garbage-first heap   total 78848K, used 19664K [0x00000000c5c00000, 0x0000000100000000)
  region size 1024K, 7 young (7168K), 6 survivors (6144K)
 Metaspace       used 22122K, capacity 22705K, committed 22960K, reserved 1069056K
  class space    used 2570K, capacity 2788K, committed 2816K, reserved 1048576K
}
Event: 31,692 GC heap after
{Heap after GC invocations=8 (full 0):
 garbage-first heap   total 78848K, used 19528K [0x00000000c5c00000, 0x0000000100000000)
  region size 1024K, 1 young (1024K), 1 survivors (1024K)
 Metaspace       used 22122K, capacity 22705K, committed 22960K, reserved 1069056K
  class space    used 2570K, capacity 2788K, committed 2816K, reserved 1048576K
}
Event: 39,734 GC heap before
{Heap before GC invocations=8 (full 0):
 garbage-first heap   total 78848K, used 21576K [0x00000000c5c00000, 0x0000000100000000)
  region size 1024K, 3 young (3072K), 1 survivors (1024K)
 Metaspace       used 22240K, capacity 22799K, committed 22960K, reserved 1069056K
  class space    used 2587K, capacity 2798K, committed 2816K, reserved 1048576K
}
Event: 39,858 GC heap after
{Heap after GC invocations=9 (full 0):
 garbage-first heap   total 78848K, used 19808K [0x00000000c5c00000, 0x0000000100000000)
  region size 1024K, 1 young (1024K), 1 survivors (1024K)
 Metaspace       used 22240K, capacity 22799K, committed 22960K, reserved 1069056K
  class space    used 2587K, capacity 2798K, committed 2816K, reserved 1048576K
}
Event: 49,543 GC heap before
{Heap before GC invocations=9 (full 0):
 garbage-first heap   total 78848K, used 21856K [0x00000000c5c00000, 0x0000000100000000)
  region size 1024K, 3 young (3072K), 1 survivors (1024K)
 Metaspace       used 22322K, capacity 22887K, committed 22960K, reserved 1069056K
  class space    used 2594K, capacity 2805K, committed 2816K, reserved 1048576K
}

Deoptimization events (20 events):
Event: 3,985 Thread 0x00007f2bc4016800 Uncommon trap: trap_request=0x00000088 fr.pc=0x00007f2bb43f9bb4 relative=0x0000000000000254
Event: 3,988 Thread 0x00007f2bc4016800 Uncommon trap: reason=unloaded action=reinterpret pc=0x00007f2bb43f9bb4 method=java.util.jar.JarFile.checkForSpecialAttributes()V @ 99 c2
Event: 3,988 Thread 0x00007f2bc4016800 DEOPT PACKING pc=0x00007f2bb43f9bb4 sp=0x00007f2bcb32e360
Event: 3,988 Thread 0x00007f2bc4016800 DEOPT UNPACKING pc=0x00007f2bac9359a5 sp=0x00007f2bcb32e2f8 mode 2
Event: 4,008 Thread 0x00007f2bc4016800 Uncommon trap: trap_request=0xffffff4d fr.pc=0x00007f2bb450a574 relative=0x00000000000006d4
Event: 4,008 Thread 0x00007f2bc4016800 Uncommon trap: reason=unstable_if action=reinterpret pc=0x00007f2bb450a574 method=java.util.regex.Pattern$BmpCharPropertyGreedy.match(Ljava/util/regex/Matcher;ILjava/lang/CharSequence;)Z @ 73 c2
Event: 4,008 Thread 0x00007f2bc4016800 DEOPT PACKING pc=0x00007f2bb450a574 sp=0x00007f2bcb332300
Event: 4,008 Thread 0x00007f2bc4016800 DEOPT UNPACKING pc=0x00007f2bac9359a5 sp=0x00007f2bcb3322d0 mode 2
Event: 4,067 Thread 0x00007f2bc4016800 Uncommon trap: trap_request=0xffffff4d fr.pc=0x00007f2bb4435730 relative=0x0000000000000090
Event: 4,067 Thread 0x00007f2bc4016800 Uncommon trap: reason=unstable_if action=reinterpret pc=0x00007f2bb4435730 method=java.lang.CharacterDataLatin1.isWhitespace(I)Z @ 14 c2
Event: 4,067 Thread 0x00007f2bc4016800 DEOPT PACKING pc=0x00007f2bb4435730 sp=0x00007f2bcb3321e0
Event: 4,067 Thread 0x00007f2bc4016800 DEOPT UNPACKING pc=0x00007f2bac9359a5 sp=0x00007f2bcb332170 mode 2
Event: 4,847 Thread 0x00007f2bc4016800 Uncommon trap: trap_request=0xffffff4d fr.pc=0x00007f2bb451623c relative=0x000000000000343c
Event: 4,848 Thread 0x00007f2bc4016800 Uncommon trap: reason=unstable_if action=reinterpret pc=0x00007f2bb451623c method=java.util.jar.Manifest$FastInputStream.peek()B @ 8 c2
Event: 4,848 Thread 0x00007f2bc4016800 DEOPT PACKING pc=0x00007f2bb451623c sp=0x00007f2bcb332560
Event: 4,848 Thread 0x00007f2bc4016800 DEOPT UNPACKING pc=0x00007f2bac9359a5 sp=0x00007f2bcb332508 mode 2
Event: 4,951 Thread 0x00007f2bc4016800 DEOPT PACKING pc=0x00007f2bad68516e sp=0x00007f2bcb3323e0
Event: 4,951 Thread 0x00007f2bc4016800 DEOPT UNPACKING pc=0x00007f2bac9357ba sp=0x00007f2bcb3319b0 mode 0
Event: 4,953 Thread 0x00007f2bc4016800 DEOPT PACKING pc=0x00007f2bad68516e sp=0x00007f2bcb3323e0
Event: 4,953 Thread 0x00007f2bc4016800 DEOPT UNPACKING pc=0x00007f2bac9357ba sp=0x00007f2bcb3319b0 mode 0

Classes redefined (0 events):
No events

Internal exceptions (14 events):
Event: 0,369 Thread 0x00007f2bc4016800 Exception <a 'java/lang/NoSuchMethodError'{0x00000000c9273720}: 'int java.lang.invoke.DirectMethodHandle$Holder.invokeSpecialIFC(java.lang.Object, java.lang.Object, int)'> (0x00000000c9273720) thrown at [./src/hotspot/share/interpreter/linkResolver.cpp, line 773]
Event: 1,730 Thread 0x00007f2bc4016800 Exception <a 'java/lang/NoClassDefFoundError'{0x00000000c93a77c0}: com/google/inject/servlet/ServletModuleTargetVisitor> (0x00000000c93a77c0) thrown at [./src/hotspot/share/classfile/systemDictionary.cpp, line 220]
Event: 1,730 Thread 0x00007f2bc4016800 Exception <a 'java/lang/NoClassDefFoundError'{0x00000000c93a77c0}> (0x00000000c93a77c0) thrown at [./src/hotspot/share/prims/jvm.cpp, line 1301]
Event: 1,731 Thread 0x00007f2bc4016800 Exception <a 'java/lang/NoClassDefFoundError'{0x00000000c93aa2b8}: javax/annotation/Priority> (0x00000000c93aa2b8) thrown at [./src/hotspot/share/classfile/systemDictionary.cpp, line 220]
Event: 2,492 Thread 0x00007f2bc4016800 Implicit null exception at 0x00007f2bb4436c05 to 0x00007f2bb4436de2
Event: 2,492 Thread 0x00007f2bc4016800 Implicit null exception at 0x00007f2bb4441daf to 0x00007f2bb4441e2d
Event: 2,528 Thread 0x00007f2bc4016800 Implicit null exception at 0x00007f2bb4439908 to 0x00007f2bb443999a
Event: 3,744 Thread 0x00007f2bc4016800 Exception <a 'java/lang/NoSuchMethodError'{0x00000000c80c8740}: 'int java.lang.invoke.DirectMethodHandle$Holder.invokeVirtual(java.lang.Object, java.lang.Object, java.lang.Object)'> (0x00000000c80c8740) thrown at [./src/hotspot/share/interpreter/linkResolver.cpp, line 773]
Event: 3,816 Thread 0x00007f2bc4016800 Exception <a 'java/lang/NoSuchMethodError'{0x00000000c7fdf5b8}: 'int java.lang.invoke.DirectMethodHandle$Holder.invokeStaticInit(java.lang.Object, java.lang.Object)'> (0x00000000c7fdf5b8) thrown at [./src/hotspot/share/interpreter/linkResolver.cpp, line 773]
Event: 3,882 Thread 0x00007f2bc4016800 Exception <a 'java/lang/NoSuchMethodError'{0x00000000c7ead800}: 'int java.lang.invoke.DirectMethodHandle$Holder.invokeVirtual(java.lang.Object, java.lang.Object)'> (0x00000000c7ead800) thrown at [./src/hotspot/share/interpreter/linkResolver.cpp, line 773]
Event: 3,889 Thread 0x00007f2bc4016800 Exception <a 'java/lang/NoSuchMethodError'{0x00000000c7edc3e8}: 'java.lang.Object java.lang.invoke.Invokers$Holder.linkToTargetMethod(java.lang.Object, java.lang.Object, java.lang.Object, java.lang.Object, java.lang.Object, java.lang.Object)'> (0x00000000c7edc3e8) thrown at [./src/hotspot/share/interpreter/linkResolver.cpp, line 773]
Event: 4,380 Thread 0x00007f2bc4016800 Exception <a 'java/lang/NoSuchMethodError'{0x00000000c9ca4578}: 'int java.lang.invoke.DirectMethodHandle$Holder.invokeSpecial(java.lang.Object, java.lang.Object, java.lang.Object, java.lang.Object)'> (0x00000000c9ca4578) thrown at [./src/hotspot/share/interpreter/linkResolver.cpp, line 773]
Event: 4,797 Thread 0x00007f2bc4016800 Exception <a 'java/lang/NoSuchMethodError'{0x00000000c9ac3f38}: 'java.lang.Object java.lang.invoke.DirectMethodHandle$Holder.invokeStatic(java.lang.Object, int, java.lang.Object)'> (0x00000000c9ac3f38) thrown at [./src/hotspot/share/interpreter/linkResolver.cpp, line 773]
Event: 8,394 Thread 0x00007f2bc4016800 Exception <a 'java/lang/NoSuchMethodError'{0x00000000c8beb1f0}: 'int java.lang.invoke.DirectMethodHandle$Holder.invokeSpecial(java.lang.Object, java.lang.Object, java.lang.Object, java.lang.Object, java.lang.Object)'> (0x00000000c8beb1f0) thrown at [./src/hotspot/share/interpreter/linkResolver.cpp, line 773]

Events (20 events):
Event: 42,494 loading class com/sun/tools/javac/comp/Env done
Event: 42,502 loading class com/sun/tools/javac/comp/Annotate
Event: 42,502 loading class com/sun/tools/javac/comp/Annotate done
Event: 42,541 loading class com/sun/tools/javac/comp/Env
Event: 42,541 loading class com/sun/tools/javac/comp/Env done
Event: 42,541 loading class com/sun/tools/javac/code/TypeAnnotations
Event: 42,541 loading class com/sun/tools/javac/code/TypeAnnotations done
Event: 42,541 loading class com/sun/tools/javac/comp/Env
Event: 42,541 loading class com/sun/tools/javac/comp/Env done
Event: 42,541 loading class com/sun/tools/javac/code/TypeAnnotations
Event: 42,541 loading class com/sun/tools/javac/code/TypeAnnotations done
Event: 43,645 loading class com/sun/tools/javac/code/Symbol
Event: 43,647 loading class com/sun/tools/javac/code/Symbol done
Event: 43,649 loading class com/sun/tools/javac/util/Filter
Event: 43,649 loading class com/sun/tools/javac/util/Filter done
Event: 43,713 loading class com/sun/tools/javac/code/Symbol
Event: 43,713 loading class com/sun/tools/javac/code/Symbol done
Event: 43,713 loading class com/sun/tools/javac/code/Symbol
Event: 43,713 loading class com/sun/tools/javac/code/Symbol done
Event: 49,471 Executing VM operation: G1CollectForAllocation


Dynamic libraries:
c5c00000-ca700000 rw-p 00000000 00:00 0 
cf400000-ffe00000 ---p 00000000 00:00 0 
ffe00000-ffe47000 rw-p 0110b000 08:05 138387                             /usr/lib/jvm/java-11-openjdk-amd64/lib/server/classes.jsa
ffe47000-fff00000 rw-p 00000000 00:00 0 
fff00000-fff6a000 rw-p 010a1000 08:05 138387                             /usr/lib/jvm/java-11-openjdk-amd64/lib/server/classes.jsa
fff6a000-100000000 rw-p 00000000 00:00 0 
800000000-800002000 rwxp 00001000 08:05 138387                           /usr/lib/jvm/java-11-openjdk-amd64/lib/server/classes.jsa
800002000-8003b8000 rw-p 00003000 08:05 138387                           /usr/lib/jvm/java-11-openjdk-amd64/lib/server/classes.jsa
8003b8000-800a93000 r--p 003b9000 08:05 138387                           /usr/lib/jvm/java-11-openjdk-amd64/lib/server/classes.jsa
800a93000-800a94000 rw-p 00a94000 08:05 138387                           /usr/lib/jvm/java-11-openjdk-amd64/lib/server/classes.jsa
800a94000-8010a0000 r--p 00a95000 08:05 138387                           /usr/lib/jvm/java-11-openjdk-amd64/lib/server/classes.jsa
840000000-8402c0000 rw-p 00000000 00:00 0 
8402c0000-880000000 ---p 00000000 00:00 0 
5620d79e6000-5620d79e7000 r-xp 00000000 08:05 162963                     /usr/lib/jvm/java-11-openjdk-amd64/bin/java
5620d7be7000-5620d7be8000 r--p 00001000 08:05 162963                     /usr/lib/jvm/java-11-openjdk-amd64/bin/java
5620d7be8000-5620d7be9000 rw-p 00002000 08:05 162963                     /usr/lib/jvm/java-11-openjdk-amd64/bin/java
5620d977a000-5620d979b000 rw-p 00000000 00:00 0                          [heap]
7f2b67600000-7f2b677ac000 rw-p 00000000 00:00 0 
7f2b677ac000-7f2b67800000 ---p 00000000 00:00 0 
7f2b67800000-7f2b67a00000 rw-p 00000000 00:00 0 
7f2b67a00000-7f2b67c00000 rw-p 00000000 00:00 0 
7f2b67c00000-7f2b67e00000 rw-p 00000000 00:00 0 
7f2b67e00000-7f2b68000000 rw-p 00000000 00:00 0 
7f2b68000000-7f2b68021000 rw-p 00000000 00:00 0 
7f2b68021000-7f2b6c000000 ---p 00000000 00:00 0 
7f2b6c000000-7f2b6c021000 rw-p 00000000 00:00 0 
7f2b6c021000-7f2b70000000 ---p 00000000 00:00 0 
7f2b70000000-7f2b70021000 rw-p 00000000 00:00 0 
7f2b70021000-7f2b74000000 ---p 00000000 00:00 0 
7f2b74000000-7f2b74021000 rw-p 00000000 00:00 0 
7f2b74021000-7f2b78000000 ---p 00000000 00:00 0 
7f2b78000000-7f2b7884b000 rw-p 00000000 00:00 0 
7f2b7884b000-7f2b7c000000 ---p 00000000 00:00 0 
7f2b7c000000-7f2b7c021000 rw-p 00000000 00:00 0 
7f2b7c021000-7f2b80000000 ---p 00000000 00:00 0 
7f2b80000000-7f2b80021000 rw-p 00000000 00:00 0 
7f2b80021000-7f2b84000000 ---p 00000000 00:00 0 
7f2b84000000-7f2b85868000 rw-p 00000000 00:00 0 
7f2b85868000-7f2b88000000 ---p 00000000 00:00 0 
7f2b88000000-7f2b88021000 rw-p 00000000 00:00 0 
7f2b88021000-7f2b8c000000 ---p 00000000 00:00 0 
7f2b8c000000-7f2b8c021000 rw-p 00000000 00:00 0 
7f2b8c021000-7f2b90000000 ---p 00000000 00:00 0 
7f2b90000000-7f2b90021000 rw-p 00000000 00:00 0 
7f2b90021000-7f2b94000000 ---p 00000000 00:00 0 
7f2b94000000-7f2b94021000 rw-p 00000000 00:00 0 
7f2b94021000-7f2b98000000 ---p 00000000 00:00 0 
7f2b98000000-7f2b98021000 rw-p 00000000 00:00 0 
7f2b98021000-7f2b9c000000 ---p 00000000 00:00 0 
7f2b9c04e000-7f2b9c24e000 rw-p 00000000 00:00 0 
7f2b9c24e000-7f2b9c24f000 ---p 00000000 00:00 0 
7f2b9c24f000-7f2b9c381000 rw-p 00000000 00:00 0 
7f2b9c381000-7f2b9c397000 r-xp 00000000 08:05 180507                     /usr/lib/jvm/java-11-openjdk-amd64/lib/libnet.so
7f2b9c397000-7f2b9c596000 ---p 00016000 08:05 180507                     /usr/lib/jvm/java-11-openjdk-amd64/lib/libnet.so
7f2b9c596000-7f2b9c597000 r--p 00015000 08:05 180507                     /usr/lib/jvm/java-11-openjdk-amd64/lib/libnet.so
7f2b9c597000-7f2b9c598000 rw-p 00016000 08:05 180507                     /usr/lib/jvm/java-11-openjdk-amd64/lib/libnet.so
7f2b9c598000-7f2b9c5a8000 r-xp 00000000 08:05 180508                     /usr/lib/jvm/java-11-openjdk-amd64/lib/libnio.so
7f2b9c5a8000-7f2b9c7a7000 ---p 00010000 08:05 180508                     /usr/lib/jvm/java-11-openjdk-amd64/lib/libnio.so
7f2b9c7a7000-7f2b9c7a8000 r--p 0000f000 08:05 180508                     /usr/lib/jvm/java-11-openjdk-amd64/lib/libnio.so
7f2b9c7a8000-7f2b9c7a9000 rw-p 00010000 08:05 180508                     /usr/lib/jvm/java-11-openjdk-amd64/lib/libnio.so
7f2b9c7a9000-7f2b9c7ad000 ---p 00000000 00:00 0 
7f2b9c7ad000-7f2b9c8aa000 rw-p 00000000 00:00 0 
7f2b9c8aa000-7f2b9c8ab000 ---p 00000000 00:00 0 
7f2b9c8ab000-7f2b9c9ac000 rw-p 00000000 00:00 0 
7f2b9c9ac000-7f2b9c9b0000 ---p 00000000 00:00 0 
7f2b9c9b0000-7f2b9caad000 rw-p 00000000 00:00 0 
7f2b9caad000-7f2b9cab1000 ---p 00000000 00:00 0 
7f2b9cab1000-7f2b9cbae000 rw-p 00000000 00:00 0 
7f2b9cbae000-7f2b9cbb2000 ---p 00000000 00:00 0 
7f2b9cbb2000-7f2b9ccaf000 rw-p 00000000 00:00 0 
7f2b9ccaf000-7f2b9ccb3000 ---p 00000000 00:00 0 
7f2b9ccb3000-7f2b9cdb0000 rw-p 00000000 00:00 0 
7f2b9cdb0000-7f2b9cdb4000 ---p 00000000 00:00 0 
7f2b9cdb4000-7f2b9ceb1000 rw-p 00000000 00:00 0 
7f2b9ceb1000-7f2b9d47b000 r--p 00000000 08:05 11430                      /usr/lib/locale/locale-archive
7f2b9d47b000-7f2b9d47f000 ---p 00000000 00:00 0 
7f2b9d47f000-7f2b9d57c000 rw-p 00000000 00:00 0 
7f2b9d57c000-7f2b9d580000 ---p 00000000 00:00 0 
7f2b9d580000-7f2b9d67d000 rw-p 00000000 00:00 0 
7f2b9d67d000-7f2b9d67e000 ---p 00000000 00:00 0 
7f2b9d67e000-7f2ba0000000 rw-p 00000000 00:00 0 
7f2ba0000000-7f2ba0021000 rw-p 00000000 00:00 0 
7f2ba0021000-7f2ba4000000 ---p 00000000 00:00 0 
7f2ba4000000-7f2ba4021000 rw-p 00000000 00:00 0 
7f2ba4021000-7f2ba8000000 ---p 00000000 00:00 0 
7f2ba8000000-7f2ba8021000 rw-p 00000000 00:00 0 
7f2ba8021000-7f2bac000000 ---p 00000000 00:00 0 
7f2bac01d000-7f2bac0e2000 rw-p 00000000 00:00 0 
7f2bac0e2000-7f2bac0e3000 ---p 00000000 00:00 0 
7f2bac0e3000-7f2bac1e4000 rw-p 00000000 00:00 0 
7f2bac1e4000-7f2bac1e5000 ---p 00000000 00:00 0 
7f2bac1e5000-7f2bac6ea000 rw-p 00000000 00:00 0 
7f2bac6ea000-7f2bac6eb000 ---p 00000000 00:00 0 
7f2bac6eb000-7f2bac7ec000 rw-p 00000000 00:00 0 
7f2bac7ec000-7f2bac7ed000 ---p 00000000 00:00 0 
7f2bac7ed000-7f2bac90d000 rw-p 00000000 00:00 0 
7f2bac90d000-7f2bacb7d000 rwxp 00000000 00:00 0 
7f2bacb7d000-7f2bace9d000 ---p 00000000 00:00 0 
7f2bace9d000-7f2bad72d000 rwxp 00000000 00:00 0 
7f2bad72d000-7f2bb43d5000 ---p 00000000 00:00 0 
7f2bb43d5000-7f2bb4645000 rwxp 00000000 00:00 0 
7f2bb4645000-7f2bbb90d000 ---p 00000000 00:00 0 
7f2bbb90d000-7f2bc4000000 r--s 00000000 08:05 180875                     /usr/lib/jvm/java-11-openjdk-amd64/lib/modules
7f2bc4000000-7f2bc4e88000 rw-p 00000000 00:00 0 
7f2bc4e88000-7f2bc8000000 ---p 00000000 00:00 0 
7f2bc801a000-7f2bc8146000 rw-p 00000000 00:00 0 
7f2bc8146000-7f2bc8ea2000 ---p 00000000 00:00 0 
7f2bc8ea2000-7f2bc8fd6000 rw-p 00000000 00:00 0 
7f2bc8fd6000-7f2bc9d32000 ---p 00000000 00:00 0 
7f2bc9d32000-7f2bc9d60000 rw-p 00000000 00:00 0 
7f2bc9d60000-7f2bc9f0b000 ---p 00000000 00:00 0 
7f2bc9f0b000-7f2bc9f32000 rw-p 00000000 00:00 0 
7f2bc9f32000-7f2bca0dd000 ---p 00000000 00:00 0 
7f2bca0dd000-7f2bca104000 rw-p 00000000 00:00 0 
7f2bca104000-7f2bca2af000 ---p 00000000 00:00 0 
7f2bca2af000-7f2bca6b4000 rw-p 00000000 00:00 0 
7f2bca6b4000-7f2bca6b5000 ---p 00000000 00:00 0 
7f2bca6b5000-7f2bca7bb000 rw-p 00000000 00:00 0 
7f2bca7bb000-7f2bca8a1000 ---p 00000000 00:00 0 
7f2bca8a1000-7f2bca8b3000 rw-p 00000000 00:00 0 
7f2bca8b3000-7f2bca98c000 ---p 00000000 00:00 0 
7f2bca98c000-7f2bca991000 r-xp 00000000 08:05 179727                     /usr/lib/jvm/java-11-openjdk-amd64/lib/libjimage.so
7f2bca991000-7f2bcab90000 ---p 00005000 08:05 179727                     /usr/lib/jvm/java-11-openjdk-amd64/lib/libjimage.so
7f2bcab90000-7f2bcab91000 r--p 00004000 08:05 179727                     /usr/lib/jvm/java-11-openjdk-amd64/lib/libjimage.so
7f2bcab91000-7f2bcab92000 rw-p 00005000 08:05 179727                     /usr/lib/jvm/java-11-openjdk-amd64/lib/libjimage.so
7f2bcab92000-7f2bcab99000 r-xp 00000000 08:05 180874                     /usr/lib/jvm/java-11-openjdk-amd64/lib/libzip.so
7f2bcab99000-7f2bcad98000 ---p 00007000 08:05 180874                     /usr/lib/jvm/java-11-openjdk-amd64/lib/libzip.so
7f2bcad98000-7f2bcad99000 r--p 00006000 08:05 180874                     /usr/lib/jvm/java-11-openjdk-amd64/lib/libzip.so
7f2bcad99000-7f2bcad9a000 rw-p 00007000 08:05 180874                     /usr/lib/jvm/java-11-openjdk-amd64/lib/libzip.so
7f2bcad9a000-7f2bcad9d000 r--p 00000000 08:05 914806                     /lib/x86_64-linux-gnu/libnss_files-2.31.so
7f2bcad9d000-7f2bcada4000 r-xp 00003000 08:05 914806                     /lib/x86_64-linux-gnu/libnss_files-2.31.so
7f2bcada4000-7f2bcada6000 r--p 0000a000 08:05 914806                     /lib/x86_64-linux-gnu/libnss_files-2.31.so
7f2bcada6000-7f2bcada7000 r--p 0000b000 08:05 914806                     /lib/x86_64-linux-gnu/libnss_files-2.31.so
7f2bcada7000-7f2bcada8000 rw-p 0000c000 08:05 914806                     /lib/x86_64-linux-gnu/libnss_files-2.31.so
7f2bcada8000-7f2bcadae000 rw-p 00000000 00:00 0 
7f2bcadae000-7f2bcadb3000 r--p 00000000 08:05 914787                     /lib/x86_64-linux-gnu/libnsl-2.31.so
7f2bcadb3000-7f2bcadc3000 r-xp 00005000 08:05 914787                     /lib/x86_64-linux-gnu/libnsl-2.31.so
7f2bcadc3000-7f2bcadc7000 r--p 00015000 08:05 914787                     /lib/x86_64-linux-gnu/libnsl-2.31.so
7f2bcadc7000-7f2bcadc8000 r--p 00018000 08:05 914787                     /lib/x86_64-linux-gnu/libnsl-2.31.so
7f2bcadc8000-7f2bcadc9000 rw-p 00019000 08:05 914787                     /lib/x86_64-linux-gnu/libnsl-2.31.so
7f2bcadc9000-7f2bcadcb000 rw-p 00000000 00:00 0 
7f2bcade2000-7f2bcade7000 rw-p 00000000 00:00 0 
7f2bcade7000-7f2bcadee000 ---p 00000000 00:00 0 
7f2bcadee000-7f2bcadf0000 r--s 00007000 08:05 5646                       /usr/share/java/java-atk-wrapper.jar
7f2bcadf0000-7f2bcae19000 r-xp 00000000 08:05 179692                     /usr/lib/jvm/java-11-openjdk-amd64/lib/libjava.so
7f2bcae19000-7f2bcb018000 ---p 00029000 08:05 179692                     /usr/lib/jvm/java-11-openjdk-amd64/lib/libjava.so
7f2bcb018000-7f2bcb019000 r--p 00028000 08:05 179692                     /usr/lib/jvm/java-11-openjdk-amd64/lib/libjava.so
7f2bcb019000-7f2bcb01b000 rw-p 00029000 08:05 179692                     /usr/lib/jvm/java-11-openjdk-amd64/lib/libjava.so
7f2bcb01b000-7f2bcb028000 r-xp 00000000 08:05 180870                     /usr/lib/jvm/java-11-openjdk-amd64/lib/libverify.so
7f2bcb028000-7f2bcb227000 ---p 0000d000 08:05 180870                     /usr/lib/jvm/java-11-openjdk-amd64/lib/libverify.so
7f2bcb227000-7f2bcb229000 r--p 0000c000 08:05 180870                     /usr/lib/jvm/java-11-openjdk-amd64/lib/libverify.so
7f2bcb229000-7f2bcb22a000 rw-p 0000e000 08:05 180870                     /usr/lib/jvm/java-11-openjdk-amd64/lib/libverify.so
7f2bcb22a000-7f2bcb22d000 r--p 00000000 08:05 914835                     /lib/x86_64-linux-gnu/librt-2.31.so
7f2bcb22d000-7f2bcb231000 r-xp 00003000 08:05 914835                     /lib/x86_64-linux-gnu/librt-2.31.so
7f2bcb231000-7f2bcb232000 r--p 00007000 08:05 914835                     /lib/x86_64-linux-gnu/librt-2.31.so
7f2bcb232000-7f2bcb233000 ---p 00008000 08:05 914835                     /lib/x86_64-linux-gnu/librt-2.31.so
7f2bcb233000-7f2bcb234000 r--p 00008000 08:05 914835                     /lib/x86_64-linux-gnu/librt-2.31.so
7f2bcb234000-7f2bcb235000 rw-p 00009000 08:05 914835                     /lib/x86_64-linux-gnu/librt-2.31.so
7f2bcb235000-7f2bcb239000 ---p 00000000 00:00 0 
7f2bcb239000-7f2bcb336000 rw-p 00000000 00:00 0 
7f2bcb336000-7f2bcb339000 r--p 00000000 08:05 914402                     /lib/x86_64-linux-gnu/libgcc_s.so.1
7f2bcb339000-7f2bcb34b000 r-xp 00003000 08:05 914402                     /lib/x86_64-linux-gnu/libgcc_s.so.1
7f2bcb34b000-7f2bcb34f000 r--p 00015000 08:05 914402                     /lib/x86_64-linux-gnu/libgcc_s.so.1
7f2bcb34f000-7f2bcb350000 r--p 00018000 08:05 914402                     /lib/x86_64-linux-gnu/libgcc_s.so.1
7f2bcb350000-7f2bcb351000 rw-p 00019000 08:05 914402                     /lib/x86_64-linux-gnu/libgcc_s.so.1
7f2bcb351000-7f2bcb360000 r--p 00000000 08:05 914760                     /lib/x86_64-linux-gnu/libm-2.31.so
7f2bcb360000-7f2bcb407000 r-xp 0000f000 08:05 914760                     /lib/x86_64-linux-gnu/libm-2.31.so
7f2bcb407000-7f2bcb49e000 r--p 000b6000 08:05 914760                     /lib/x86_64-linux-gnu/libm-2.31.so
7f2bcb49e000-7f2bcb49f000 r--p 0014c000 08:05 914760                     /lib/x86_64-linux-gnu/libm-2.31.so
7f2bcb49f000-7f2bcb4a0000 rw-p 0014d000 08:05 914760                     /lib/x86_64-linux-gnu/libm-2.31.so
7f2bcb4a0000-7f2bcb619000 r-xp 00000000 08:05 4988                       /usr/lib/x86_64-linux-gnu/libstdc++.so.6.0.25
7f2bcb619000-7f2bcb819000 ---p 00179000 08:05 4988                       /usr/lib/x86_64-linux-gnu/libstdc++.so.6.0.25
7f2bcb819000-7f2bcb823000 r--p 00179000 08:05 4988                       /usr/lib/x86_64-linux-gnu/libstdc++.so.6.0.25
7f2bcb823000-7f2bcb825000 rw-p 00183000 08:05 4988                       /usr/lib/x86_64-linux-gnu/libstdc++.so.6.0.25
7f2bcb825000-7f2bcb829000 rw-p 00000000 00:00 0 
7f2bcb829000-7f2bcc906000 r-xp 00000000 08:05 180928                     /usr/lib/jvm/java-11-openjdk-amd64/lib/server/libjvm.so
7f2bcc906000-7f2bccb05000 ---p 010dd000 08:05 180928                     /usr/lib/jvm/java-11-openjdk-amd64/lib/server/libjvm.so
7f2bccb05000-7f2bccbc2000 r--p 010dc000 08:05 180928                     /usr/lib/jvm/java-11-openjdk-amd64/lib/server/libjvm.so
7f2bccbc2000-7f2bccbfc000 rw-p 01199000 08:05 180928                     /usr/lib/jvm/java-11-openjdk-amd64/lib/server/libjvm.so
7f2bccbfc000-7f2bccc54000 rw-p 00000000 00:00 0 
7f2bccc54000-7f2bccc5b000 r--p 00000000 08:05 914831                     /lib/x86_64-linux-gnu/libpthread-2.31.so
7f2bccc5b000-7f2bccc6c000 r-xp 00007000 08:05 914831                     /lib/x86_64-linux-gnu/libpthread-2.31.so
7f2bccc6c000-7f2bccc71000 r--p 00018000 08:05 914831                     /lib/x86_64-linux-gnu/libpthread-2.31.so
7f2bccc71000-7f2bccc72000 r--p 0001c000 08:05 914831                     /lib/x86_64-linux-gnu/libpthread-2.31.so
7f2bccc72000-7f2bccc73000 rw-p 0001d000 08:05 914831                     /lib/x86_64-linux-gnu/libpthread-2.31.so
7f2bccc73000-7f2bccc77000 rw-p 00000000 00:00 0 
7f2bccc77000-7f2bccc78000 r--p 00000000 08:05 914711                     /lib/x86_64-linux-gnu/libdl-2.31.so
7f2bccc78000-7f2bccc7a000 r-xp 00001000 08:05 914711                     /lib/x86_64-linux-gnu/libdl-2.31.so
7f2bccc7a000-7f2bccc7b000 r--p 00003000 08:05 914711                     /lib/x86_64-linux-gnu/libdl-2.31.so
7f2bccc7b000-7f2bccc7c000 r--p 00003000 08:05 914711                     /lib/x86_64-linux-gnu/libdl-2.31.so
7f2bccc7c000-7f2bccc7d000 rw-p 00004000 08:05 914711                     /lib/x86_64-linux-gnu/libdl-2.31.so
7f2bccc7d000-7f2bccc99000 r-xp 00000000 08:05 914156                     /lib/x86_64-linux-gnu/libz.so.1.2.11
7f2bccc99000-7f2bcce98000 ---p 0001c000 08:05 914156                     /lib/x86_64-linux-gnu/libz.so.1.2.11
7f2bcce98000-7f2bcce99000 r--p 0001b000 08:05 914156                     /lib/x86_64-linux-gnu/libz.so.1.2.11
7f2bcce99000-7f2bcce9a000 rw-p 0001c000 08:05 914156                     /lib/x86_64-linux-gnu/libz.so.1.2.11
7f2bcce9a000-7f2bccebf000 r--p 00000000 08:05 914697                     /lib/x86_64-linux-gnu/libc-2.31.so
7f2bccebf000-7f2bcd037000 r-xp 00025000 08:05 914697                     /lib/x86_64-linux-gnu/libc-2.31.so
7f2bcd037000-7f2bcd081000 r--p 0019d000 08:05 914697                     /lib/x86_64-linux-gnu/libc-2.31.so
7f2bcd081000-7f2bcd082000 ---p 001e7000 08:05 914697                     /lib/x86_64-linux-gnu/libc-2.31.so
7f2bcd082000-7f2bcd085000 r--p 001e7000 08:05 914697                     /lib/x86_64-linux-gnu/libc-2.31.so
7f2bcd085000-7f2bcd088000 rw-p 001ea000 08:05 914697                     /lib/x86_64-linux-gnu/libc-2.31.so
7f2bcd088000-7f2bcd08c000 rw-p 00000000 00:00 0 
7f2bcd08c000-7f2bcd094000 rw-s 00000000 08:05 783398                     /tmp/hsperfdata_claus/21088
7f2bcd094000-7f2bcd097000 r--p 00000000 08:05 914822                     /lib/x86_64-linux-gnu/libnss_nis-2.31.so
7f2bcd097000-7f2bcd09f000 r-xp 00003000 08:05 914822                     /lib/x86_64-linux-gnu/libnss_nis-2.31.so
7f2bcd09f000-7f2bcd0a1000 r--p 0000b000 08:05 914822                     /lib/x86_64-linux-gnu/libnss_nis-2.31.so
7f2bcd0a1000-7f2bcd0a2000 r--p 0000c000 08:05 914822                     /lib/x86_64-linux-gnu/libnss_nis-2.31.so
7f2bcd0a2000-7f2bcd0a3000 rw-p 0000d000 08:05 914822                     /lib/x86_64-linux-gnu/libnss_nis-2.31.so
7f2bcd0a3000-7f2bcd0a5000 r--p 00000000 08:05 914791                     /lib/x86_64-linux-gnu/libnss_compat-2.31.so
7f2bcd0a5000-7f2bcd0ac000 r-xp 00002000 08:05 914791                     /lib/x86_64-linux-gnu/libnss_compat-2.31.so
7f2bcd0ac000-7f2bcd0ad000 r--p 00009000 08:05 914791                     /lib/x86_64-linux-gnu/libnss_compat-2.31.so
7f2bcd0ad000-7f2bcd0ae000 r--p 00009000 08:05 914791                     /lib/x86_64-linux-gnu/libnss_compat-2.31.so
7f2bcd0ae000-7f2bcd0af000 rw-p 0000a000 08:05 914791                     /lib/x86_64-linux-gnu/libnss_compat-2.31.so
7f2bcd0af000-7f2bcd0b0000 ---p 00000000 00:00 0 
7f2bcd0b0000-7f2bcd0b1000 r--p 00000000 00:00 0 
7f2bcd0b1000-7f2bcd0c1000 r-xp 00000000 08:05 179652                     /usr/lib/jvm/java-11-openjdk-amd64/lib/jli/libjli.so
7f2bcd0c1000-7f2bcd2c0000 ---p 00010000 08:05 179652                     /usr/lib/jvm/java-11-openjdk-amd64/lib/jli/libjli.so
7f2bcd2c0000-7f2bcd2c1000 r--p 0000f000 08:05 179652                     /usr/lib/jvm/java-11-openjdk-amd64/lib/jli/libjli.so
7f2bcd2c1000-7f2bcd2c2000 rw-p 00010000 08:05 179652                     /usr/lib/jvm/java-11-openjdk-amd64/lib/jli/libjli.so
7f2bcd2c2000-7f2bcd2c4000 rw-p 00000000 00:00 0 
7f2bcd2c4000-7f2bcd2c5000 r--p 00000000 08:05 914530                     /lib/x86_64-linux-gnu/ld-2.31.so
7f2bcd2c5000-7f2bcd2e8000 r-xp 00001000 08:05 914530                     /lib/x86_64-linux-gnu/ld-2.31.so
7f2bcd2e8000-7f2bcd2f0000 r--p 00024000 08:05 914530                     /lib/x86_64-linux-gnu/ld-2.31.so
7f2bcd2f1000-7f2bcd2f2000 r--p 0002c000 08:05 914530                     /lib/x86_64-linux-gnu/ld-2.31.so
7f2bcd2f2000-7f2bcd2f3000 rw-p 0002d000 08:05 914530                     /lib/x86_64-linux-gnu/ld-2.31.so
7f2bcd2f3000-7f2bcd2f4000 rw-p 00000000 00:00 0 
7ffc23737000-7ffc23758000 rw-p 00000000 00:00 0                          [stack]
7ffc23769000-7ffc2376c000 r--p 00000000 00:00 0                          [vvar]
7ffc2376c000-7ffc2376e000 r-xp 00000000 00:00 0                          [vdso]
ffffffffff600000-ffffffffff601000 r-xp 00000000 00:00 0                  [vsyscall]


VM Arguments:
jvm_args: -Dclassworlds.conf=/home/claus/bin/netbeans-11.0.2/java/maven/bin/m2.conf -Dmaven.home=/home/claus/bin/netbeans-11.0.2/java/maven -Dmaven.multiModuleProjectDirectory=/home/claus/Projekte/QSportWahl/Projektdateien 
java_command: org.codehaus.plexus.classworlds.launcher.Launcher -Dexec.args=-classpath %classpath org.jack.qsport.modell.Sportart -Dexec.executable=/usr/lib/jvm/java-11-openjdk-amd64/bin/java -Dexec.classpathScope=runtime -Dmaven.ext.class.path=/home/claus/bin/netbeans-11.0.2/java/maven-nblib/netbeans-eventspy.jar process-classes org.codehaus.mojo:exec-maven-plugin:1.5.0:exec
java_class_path (initial): /home/claus/bin/netbeans-11.0.2/java/maven/boot/plexus-classworlds-2.5.2.jar
Launcher Type: SUN_STANDARD

[Global flags]
     intx CICompilerCount                          = 3                                         {product} {ergonomic}
     uint ConcGCThreads                            = 1                                         {product} {ergonomic}
     uint G1ConcRefinementThreads                  = 4                                         {product} {ergonomic}
   size_t G1HeapRegionSize                         = 1048576                                   {product} {ergonomic}
    uintx GCDrainStackTargetSize                   = 64                                        {product} {ergonomic}
   size_t InitialHeapSize                          = 62914560                                  {product} {ergonomic}
   size_t MarkStackSize                            = 4194304                                   {product} {ergonomic}
   size_t MaxHeapSize                              = 977272832                                 {product} {ergonomic}
   size_t MaxNewSize                               = 586153984                                 {product} {ergonomic}
   size_t MinHeapDeltaBytes                        = 1048576                                   {product} {ergonomic}
    uintx NonNMethodCodeHeapSize                   = 5830732                                {pd product} {ergonomic}
    uintx NonProfiledCodeHeapSize                  = 122913754                              {pd product} {ergonomic}
    uintx ProfiledCodeHeapSize                     = 122913754                              {pd product} {ergonomic}
    uintx ReservedCodeCacheSize                    = 251658240                              {pd product} {ergonomic}
     bool SegmentedCodeCache                       = true                                      {product} {ergonomic}
     bool UseCompressedClassPointers               = true                                 {lp64_product} {ergonomic}
     bool UseCompressedOops                        = true                                 {lp64_product} {ergonomic}
     bool UseG1GC                                  = true                                      {product} {ergonomic}

Logging:
Log output configuration:
 #0: stdout all=warning uptime,level,tags
 #1: stderr all=off uptime,level,tags

Environment Variables:
JAVA_HOME=/usr/lib/jvm/java-11-openjdk-amd64
PATH=/home/texlive/2020/bin/x86_64-linux:/home/claus/android-sdk-linux/tools:/home/claus/android-sdk-linux/platform-tools:/home/claus/bin:/usr/local/sbin:/usr/local/bin:/usr/sbin:/usr/bin:/sbin:/bin:/usr/games:/usr/local/games:/snap/bin:/usr/lib/jvm/java-11-oracle/bin:/usr/lib/jvm/java-11-oracle/db/bin
SHELL=/bin/bash
DISPLAY=:0.0

Signal Handlers:
SIGSEGV: [libjvm.so+0xdf8d00], sa_mask[0]=11111111011111111101111111111110, sa_flags=SA_RESTART|SA_SIGINFO
SIGBUS: [libjvm.so+0xdf8d00], sa_mask[0]=11111111011111111101111111111110, sa_flags=SA_RESTART|SA_SIGINFO
SIGFPE: [libjvm.so+0xdf8d00], sa_mask[0]=11111111011111111101111111111110, sa_flags=SA_RESTART|SA_SIGINFO
SIGPIPE: [libjvm.so+0xbcbc30], sa_mask[0]=11111111011111111101111111111110, sa_flags=SA_RESTART|SA_SIGINFO
SIGXFSZ: [libjvm.so+0xbcbc30], sa_mask[0]=11111111011111111101111111111110, sa_flags=SA_RESTART|SA_SIGINFO
SIGILL: [libjvm.so+0xdf8d00], sa_mask[0]=11111111011111111101111111111110, sa_flags=SA_RESTART|SA_SIGINFO
SIGUSR2: [libjvm.so+0xbcbad0], sa_mask[0]=00100000000000000000000000000000, sa_flags=SA_RESTART|SA_SIGINFO
SIGHUP: [libjvm.so+0xbcbe30], sa_mask[0]=11111111011111111101111111111110, sa_flags=SA_RESTART|SA_SIGINFO
SIGINT: SIG_IGN, sa_mask[0]=00000000000000000000000000000000, sa_flags=none
SIGTERM: [libjvm.so+0xbcbe30], sa_mask[0]=11111111011111111101111111111110, sa_flags=SA_RESTART|SA_SIGINFO
SIGQUIT: [libjvm.so+0xbcbe30], sa_mask[0]=11111111011111111101111111111110, sa_flags=SA_RESTART|SA_SIGINFO


---------------  S Y S T E M  ---------------

OS:DISTRIB_ID=Ubuntu
DISTRIB_RELEASE=18.04
DISTRIB_CODENAME=bionic
DISTRIB_DESCRIPTION="Ubuntu 18.04.4 LTS"
uname:Linux 4.15.0-99-generic #100-Ubuntu SMP Wed Apr 22 20:32:56 UTC 2020 x86_64
OS uptime: 0 days 3:27 hours
libc:glibc 2.31 NPTL 2.31 
rlimit: STACK 8192k, CORE 0k, NPROC 14710, NOFILE 1048576, AS infinity, CPU infinity, DATA infinity, FSIZE infinity
load average:20,89 7,64 4,04

/proc/meminfo:
MemTotal:        3810484 kB
MemFree:           84712 kB
MemAvailable:      15784 kB
Buffers:             548 kB
Cached:           297872 kB
SwapCached:            0 kB
Active:          3194712 kB
Inactive:         286524 kB
Active(anon):    3184292 kB
Inactive(anon):   257476 kB
Active(file):      10420 kB
Inactive(file):    29048 kB
Unevictable:          96 kB
Mlocked:              96 kB
SwapTotal:             0 kB
SwapFree:              0 kB
Dirty:               380 kB
Writeback:           512 kB
AnonPages:       3183008 kB
Mapped:           167316 kB
Shmem:            258856 kB
Slab:             114376 kB
SReclaimable:      57784 kB
SUnreclaim:        56592 kB
KernelStack:       15360 kB
PageTables:        57508 kB
NFS_Unstable:          0 kB
Bounce:                0 kB
WritebackTmp:          0 kB
CommitLimit:     1905240 kB
Committed_AS:   10897476 kB
VmallocTotal:   34359738367 kB
VmallocUsed:           0 kB
VmallocChunk:          0 kB
HardwareCorrupted:     0 kB
AnonHugePages:         0 kB
ShmemHugePages:        0 kB
ShmemPmdMapped:        0 kB
CmaTotal:              0 kB
CmaFree:               0 kB
HugePages_Total:       0
HugePages_Free:        0
HugePages_Rsvd:        0
HugePages_Surp:        0
Hugepagesize:       2048 kB
DirectMap4k:      259712 kB
DirectMap2M:     3704832 kB


/proc/sys/kernel/threads-max (system-wide limit on the number of threads):
29421


/proc/sys/vm/max_map_count (maximum number of memory map areas a process may have):
65530


/proc/sys/kernel/pid_max (system-wide limit on number of process identifiers):
32768



container (cgroup) information:
container_type: cgroupv1
cpu_cpuset_cpus: 0-3
cpu_memory_nodes: 0
active_processor_count: 4
cpu_quota: -1
cpu_period: 100000
cpu_shares: -1
memory_limit_in_bytes: -1
memory_and_swap_limit_in_bytes: -2
memory_soft_limit_in_bytes: -1
memory_usage_in_bytes: 3566010368
memory_max_usage_in_bytes: 15577088

Steal ticks since vm start: 0
Steal ticks percentage since vm start:  0,000

CPU:total 4 (initial active 4) (2 cores per cpu, 2 threads per core) family 6 model 42 stepping 7, cmov, cx8, fxsr, mmx, sse, sse2, sse3, ssse3, sse4.1, sse4.2, popcnt, avx, aes, clmul, ht, tsc, tscinvbit
CPU Model and flags from /proc/cpuinfo:
model name	: Intel(R) Core(TM) i7-2640M CPU @ 2.80GHz
flags		: fpu vme de pse tsc msr pae mce cx8 apic sep mtrr pge mca cmov pat pse36 clflush dts acpi mmx fxsr sse sse2 ss ht tm pbe syscall nx rdtscp lm constant_tsc arch_perfmon pebs bts nopl xtopology nonstop_tsc cpuid aperfmperf pni pclmulqdq dtes64 monitor ds_cpl vmx smx est tm2 ssse3 cx16 xtpr pdcm pcid sse4_1 sse4_2 x2apic popcnt tsc_deadline_timer aes xsave avx lahf_lm epb pti ssbd ibrs ibpb stibp tpr_shadow vnmi flexpriority ept vpid xsaveopt dtherm ida arat pln pts md_clear flush_l1d

Memory: 4k page, physical 3810484k(84636k free), swap 0k(0k free)

vm_info: OpenJDK 64-Bit Server VM (11.0.7+10-post-Ubuntu-2ubuntu218.04) for linux-amd64 JRE (11.0.7+10-post-Ubuntu-2ubuntu218.04), built on Apr 15 2020 21:12:54 by "unknown" with gcc 7.5.0

END.
